0 info it worked if it ends with ok
1 verbose cli [ 'D:\\Program Files\\nodejs\\node.exe',
1 verbose cli   'D:\\Program Files\\nodejs\\node_modules\\cnpm\\node_modules\\npm\\bin\\npm-cli.js',
1 verbose cli   '--userconfig=C:\\Users\\jiewang_1\\.cnpmrc',
1 verbose cli   '--disturl=https://npm.taobao.org/mirrors/node',
1 verbose cli   '--registry=https://registry.npm.taobao.org',
1 verbose cli   'run',
1 verbose cli   'dev',
1 verbose cli   'musicIndex' ]
2 info using npm@3.10.10
3 info using node@v6.2.0
4 verbose run-script [ 'predev', 'dev', 'postdev' ]
5 info lifecycle arnold@1.0.0~predev: arnold@1.0.0
6 silly lifecycle arnold@1.0.0~predev: no script for predev, continuing
7 info lifecycle arnold@1.0.0~dev: arnold@1.0.0
8 verbose lifecycle arnold@1.0.0~dev: unsafe-perm in lifecycle true
9 verbose lifecycle arnold@1.0.0~dev: PATH: D:\Program Files\nodejs\node_modules\cnpm\node_modules\npm\bin\node-gyp-bin;D:\Tujia Study\codeSummary\codes\codes\vue.js\Tour_Heroes_vue\public\node_modules\.bin;D:\software\Ruby23-x64\bin;C:\Program Files (x86)\NVIDIA Corporation\PhysX\Common;C:\Windows\system32;C:\Windows;C:\Windows\System32\Wbem;C:\Windows\System32\WindowsPowerShell\v1.0\;C:\Program Files (x86)\Microsoft SQL Server\100\Tools\Binn\;C:\Program Files\Microsoft SQL Server\100\Tools\Binn\;C:\Program Files\Microsoft SQL Server\100\DTS\Binn\;C:\Program Files (x86)\Microsoft SQL Server\100\Tools\Binn\VSShell\Common7\IDE\;C:\Program Files (x86)\Microsoft Visual Studio 9.0\Common7\IDE\PrivateAssemblies\;C:\Program Files (x86)\Microsoft SQL Server\100\DTS\Binn\;C:\Program Files (x86)\Windows Kits\8.1\Windows Performance Toolkit\;C:\Program Files\Microsoft SQL Server\110\Tools\Binn\;C:\Program Files\TortoiseSVN\bin;d:\Program Files\ATI Technologies\ATI.ACE\Core-Static;C:\Windows\system32\config\systemprofile\.dnx\bin;C:\Program Files\Microsoft DNX\Dnvm\;C:\Program Files\Microsoft SQL Server\120\Tools\Binn\;D:\Program Files\TortoiseGit\bin;D:\Program Files (x86)\Brackets\command;D:\Program Files\nodejs\;D:\software\Ruby23-x64\bin;C:\Users\jiewang_1\AppData\Roaming\npm
10 verbose lifecycle arnold@1.0.0~dev: CWD: D:\Tujia Study\codeSummary\codes\codes\vue.js\Tour_Heroes_vue\public
11 silly lifecycle arnold@1.0.0~dev: Args: [ '/d /s /c', 'node config/webpack.dev "musicIndex"' ]
12 silly lifecycle arnold@1.0.0~dev: Returned: code: 3221225786  signal: null
13 info lifecycle arnold@1.0.0~dev: Failed to exec dev script
14 verbose stack Error: arnold@1.0.0 dev: `node config/webpack.dev "musicIndex"`
14 verbose stack Exit status 3221225786
14 verbose stack     at EventEmitter.<anonymous> (D:\Program Files\nodejs\node_modules\cnpm\node_modules\npm\lib\utils\lifecycle.js:255:16)
14 verbose stack     at emitTwo (events.js:106:13)
14 verbose stack     at EventEmitter.emit (events.js:191:7)
14 verbose stack     at ChildProcess.<anonymous> (D:\Program Files\nodejs\node_modules\cnpm\node_modules\npm\lib\utils\spawn.js:40:14)
14 verbose stack     at emitTwo (events.js:106:13)
14 verbose stack     at ChildProcess.emit (events.js:191:7)
14 verbose stack     at maybeClose (internal/child_process.js:850:16)
14 verbose stack     at Process.ChildProcess._handle.onexit (internal/child_process.js:215:5)
15 verbose pkgid arnold@1.0.0
16 verbose cwd D:\Tujia Study\codeSummary\codes\codes\vue.js\Tour_Heroes_vue\public
17 error Windows_NT 6.2.9200
18 error argv "D:\\Program Files\\nodejs\\node.exe" "D:\\Program Files\\nodejs\\node_modules\\cnpm\\node_modules\\npm\\bin\\npm-cli.js" "--userconfig=C:\\Users\\jiewang_1\\.cnpmrc" "--disturl=https://npm.taobao.org/mirrors/node" "--registry=https://registry.npm.taobao.org" "run" "dev" "musicIndex"
19 error node v6.2.0
20 error npm  v3.10.10
21 error code ELIFECYCLE
22 error arnold@1.0.0 dev: `node config/webpack.dev "musicIndex"`
22 error Exit status 3221225786
23 error Failed at the arnold@1.0.0 dev script 'node config/webpack.dev "musicIndex"'.
23 error Make sure you have the latest version of node.js and npm installed.
23 error If you do, this is most likely a problem with the arnold package,
23 error not with npm itself.
23 error Tell the author that this fails on your system:
23 error     node config/webpack.dev "musicIndex"
23 error You can get information on how to open an issue for this project with:
23 error     npm bugs arnold
23 error Or if that isn't available, you can get their info via:
23 error     npm owner ls arnold
23 error There is likely additional logging output above.
24 verbose exit [ 1, true ]
